<?xml version="1.0" encoding="UTF-8"?>
<!-- Generated by org.testng.reporters.JUnitReportReporter -->
<testsuite skipped="0" hostname="SSL247DEV004" name="TestRunner.Runner" tests="1" failures="0" timestamp="10 Oct 2017 13:22:26 GMT" time="32.519" errors="0">
  <testcase name="feature" time="32.519" classname="TestRunner.Runner"/>
</testsuite> <!-- TestRunner.Runner -->
